<?xml version="1.0" encoding="UTF-8"?>
<testng-results ignored="0" total="1" passed="1" failed="0" skipped="0">
  <reporter-output>
  </reporter-output>
  <suite started-at="2023-05-18T16:26:19 IST" name="Default suite" finished-at="2023-05-18T16:26:51 IST" duration-ms="31808">
    <groups>
    </groups>
    <test started-at="2023-05-18T16:26:19 IST" name="Default test" finished-at="2023-05-18T16:26:51 IST" duration-ms="31808">
      <class name="com.cd.testcases.ScheduleTest">
        <test-method is-config="true" signature="loadConfig()[pri:0, instance:com.cd.testcases.ScheduleTest@6d763516]" started-at="2023-05-18T16:26:19 IST" name="loadConfig" finished-at="2023-05-18T16:26:19 IST" duration-ms="10" status="PASS">
          <reporter-output>
          </reporter-output>
        </test-method> <!-- loadConfig -->
        <test-method is-config="true" signature="LaunchApp()[pri:0, instance:com.cd.testcases.ScheduleTest@6d763516]" started-at="2023-05-18T16:26:19 IST" name="LaunchApp" finished-at="2023-05-18T16:26:26 IST" duration-ms="6316" status="PASS">
          <reporter-output>
          </reporter-output>
        </test-method> <!-- LaunchApp -->
        <test-method signature="verifyQuestionSummary()[pri:0, instance:com.cd.testcases.ScheduleTest@6d763516]" started-at="2023-05-18T16:26:26 IST" name="verifyQuestionSummary" finished-at="2023-05-18T16:26:51 IST" duration-ms="25437" status="PASS">
          <reporter-output>
          </reporter-output>
        </test-method> <!-- verifyQuestionSummary -->
      </class> <!-- com.cd.testcases.ScheduleTest -->
    </test> <!-- Default test -->
  </suite> <!-- Default suite -->
</testng-results>
